<?xml version="1.0" encoding="UTF-8"?>
<testng-results ignored="0" total="1" passed="1" failed="0" skipped="0">
  <reporter-output>
  </reporter-output>
  <suite started-at="2022-01-15T08:27:20 IST" name="Default suite" finished-at="2022-01-15T08:27:21 IST" duration-ms="1568">
    <groups>
    </groups>
    <test started-at="2022-01-15T08:27:20 IST" name="Default test" finished-at="2022-01-15T08:27:21 IST" duration-ms="1568">
      <class name="database.Test0">
        <test-method signature="demo()[pri:0, instance:database.Test0@71c3b41]" started-at="2022-01-15T08:27:20 IST" name="demo" finished-at="2022-01-15T08:27:21 IST" duration-ms="1460" status="PASS">
          <reporter-output>
          </reporter-output>
        </test-method> <!-- demo -->
      </class> <!-- database.Test0 -->
    </test> <!-- Default test -->
  </suite> <!-- Default suite -->
</testng-results>
